Loading required package: Rcpp
Loading required package: lattice
Loading required package: ggplot2
            macd  ma5         roc         rsi decision
1    3.410256410 17.6 -0.70000000  -205.26316        1
2    0.897435897  8.8 -0.92592593  -161.11111       -1
3   -0.538461538  4.2 -1.00000000  -133.33333       -1
4   -2.173076923  4.0 -0.84000000  -113.04348        1
5   -2.769230769  5.0 -0.21428571  -366.66667        1
6   -3.089743590  7.8  0.22222222 -1300.00000        1
7   -3.102564103 13.2  0.52631579   306.66667        1
8   -2.717948718 22.0  0.69230769   219.23077        1
9   -3.147435897 26.6 -0.03571429   700.00000       -1
10  -2.493589744 31.4  0.52173913   633.33333        1
11   1.083333333 34.2  5.16666667   457.14286        1
12   1.846153846 30.4  2.12500000   320.00000       -1
13   3.929487179 31.6 15.50000000   262.96296        1
14   8.403846154 32.2  6.25000000   270.37037       -1
15   9.153846154 28.8  0.81818182   365.00000       -1
16   9.269230769 28.2  0.00000000   394.44444        1
17   8.467948718 26.4 -0.17241379   507.69231        1
18   6.173076923 23.0  0.00000000 -2650.00000        1
19   5.333333333 23.8 -0.31428571  -190.00000       -1
20   4.750000000 22.4 -0.46428571  -316.66667       -1
21   2.775641026 18.6 -0.86486486  -100.00000       -1
22   0.974358974 14.6 -0.92000000  -115.38462       -1
23  -1.410256410  9.8 -0.90909091   -64.70588        1
24  -4.051282051  5.6 -0.91891892  -100.00000        0
25  -6.166666667  3.6 -0.82758621   -57.14286        1
26  -7.653846154  3.4 -0.80000000   -36.36364       -1
27  -8.525641026  6.6 -0.18181818  -236.36364        1
28  -8.935897436 11.2  0.08333333   566.66667        1
29  -8.038461538 19.0  0.90909091   240.00000        1
30  -8.230769231 22.2 -0.22222222 -1533.33333       -1
31  -7.506410256 26.0 -0.04166667  4800.00000        1
32  -6.910256410 26.0  0.20000000  -477.77778       -1
33  -4.814102564 26.0  4.20000000  2550.00000        1
34  -3.185897436 20.8  7.00000000  5100.00000       -1
35  -0.756410256 22.2  8.33333333   273.91304        1
36   1.032051282 22.4  7.00000000   286.36364       -1
37   2.782051282 22.8  3.00000000   364.70588       -1
38   4.051282051 18.4  0.00000000  6200.00000       -1
39   3.935897436 16.4 -0.66666667  6200.00000        1
40   2.942307692 12.6 -0.65384615  1300.00000        1
41   0.378205128  8.2 -0.95238095  -318.75000       -1
42  -0.224358974  5.2 -0.76190476  -219.04762        1
43  -0.935897436  6.0 -0.65217391   -97.05882        1
44  -1.128205128  6.0 -0.66666667  -220.00000       -1
45  -1.878205128  6.4 -0.57692308  -300.00000        1
46  -2.935897436 13.2 -0.17857143 -1333.33333        1
47  -3.198717949 19.0  0.54166667   257.14286        1
48  -3.897435897 21.6 -0.05000000  -466.66667       -1
49  -2.224358974 25.6  3.16666667   960.00000        1
50  -1.250000000 28.0  2.88888889   187.09677        1
51   0.532051282 26.2 13.00000000   254.54545       -1
52   1.923076923 26.0  2.60000000   588.88889       -1
53   3.948717949 26.0  2.00000000   268.18182        1
54   4.705128205 23.0  0.66666667  1120.00000       -1
55   5.570512821 20.0  0.81818182   525.00000        1
56   6.378205128 21.6  1.00000000   263.33333        1
57   6.134615385 21.0 -0.34782609  1850.00000       -1
58   5.057692308 22.4 -0.16216216   638.46154        1
59   5.044871795 23.4 -0.50000000  -256.00000       -1
60   4.448717949 19.4 -0.36000000 -2266.66667        1
61   1.955128205 17.6 -0.82857143  -350.00000       -1
62  -0.102564103 11.6 -0.96428571  -258.33333       -1
63  -0.987179487  8.2 -0.66666667  -196.55172        1
64  -2.685897436  6.8 -0.79166667  -247.82609       -1
65  -3.237179487  4.0 -0.80000000  -356.25000       -1
66  -3.967948718  5.6 -0.30000000  -630.00000        1
67  -5.211538462 12.2 -0.05555556   345.83333        1
68  -4.961538462 15.8  0.60000000  1825.00000       -1
69  -6.403846154 16.8 -0.67741935  -219.23077       -1
70  -6.987179487 18.4 -0.56521739 -1140.00000        0
71  -5.801282051 19.0  0.41666667  -342.85714        1
72  -5.326923077 17.0  0.50000000  5500.00000        1
73  -3.961538462 16.4  2.50000000   611.11111       -1
74  -2.006410256 19.2 23.00000000   675.00000        1
75   0.051282051 22.6  3.50000000   271.42857        1
76   1.698717949 23.6  3.40000000   271.42857       -1
77   3.121794872 22.8  9.00000000   371.42857       -1
78   3.641025641 22.0  0.21428571   433.33333       -1
79   2.044871795 21.0 -0.44117647   317.64706        1
80   1.397435897 18.2 -0.45833333 -4200.00000       -1
81   2.711538462 17.2  0.70000000  -152.94118        1
82   3.173076923 16.4  0.60000000  -325.00000       -1
83   3.442307692 15.2 -0.35294118  2600.00000       -1
84   2.551282051 12.4 -0.79166667  -520.00000       -1
85   1.442307692 10.6 -0.80952381  -146.15385       -1
86   0.147435897  7.6 -0.91666667   -54.54545       -1
87  -1.512820513  6.0 -0.70370370  -138.46154        1
88  -2.903846154  5.6 -0.59090909  -106.66667        1
89  -3.352564103  9.0  0.10000000  -520.00000        1
90  -3.948717949 11.0 -0.17647059  -325.00000       -1
91  -4.378205128 15.4  0.26315789   900.00000        1
92  -4.205128205 17.0  0.23076923 -3600.00000       -1
93  -3.326923077 19.6  0.29411765  1333.33333        1
94  -3.108974359 18.0 -0.12500000  4000.00000       -1
95  -3.012820513 18.0  0.27272727 -1200.00000        0
96  -2.371794872 16.2  2.00000000 -3700.00000        1
97  -1.198717949 16.8  3.75000000   512.50000        1
98   0.320512821 15.8  7.50000000   341.66667       -1
99   1.403846154 17.2  1.62500000   264.70588        1
100  2.115384615 16.8  0.33333333   450.00000       -1
101  1.993589744 16.8 -0.31818182   600.00000        1
102  2.570512821 17.0  0.42857143   418.18182        1
103  2.551282051 19.0  0.12500000   800.00000        1
104  3.083333333 20.2  0.68750000   307.69231        0
105  3.551282051 24.8  0.59090909   345.45455        1
106  3.423076923 24.2 -0.14285714  -950.00000       -1
107  3.134615385 21.2 -0.64285714  -188.23529       -1
108  2.769230769 17.0 -0.60000000  -412.50000        1
109  1.698717949 12.0 -0.89473684  -275.00000       -1
110  0.519230769  5.2 -0.94117647  -228.57143       -1
111 -0.807692308  4.0 -0.71428571  -253.84615        1
112 -1.147435897  5.6  0.08333333 -1000.00000        1
113 -1.192307692  8.4  0.33333333 -4300.00000        1
114 -1.391025641 13.0  0.25000000   369.23077        1
115 -1.448717949 18.8  0.11111111   333.33333        1
116 -1.993589744 22.8 -0.03703704   750.00000       -1
117 -2.730769231 25.8 -0.20000000  4000.00000        1
118 -1.858974359 27.4  1.33333333  4000.00000        0
119 -0.307692308 27.4  4.00000000  -320.00000       -1
120  0.762820513 26.0  2.83333333   290.90909       -1
121  2.660256410 27.6 16.00000000   148.27586        1
122  4.320512821 27.2 25.00000000   210.00000       -1
123  5.224358974 24.6  1.50000000   323.07692       -1
124  5.602564103 23.2  0.38461538   264.70588        1
125  5.551282051 22.2 -0.10000000   333.33333        0
126  4.647435897 18.6 -0.36000000  1100.00000       -1
127  3.576923077 17.2 -0.36666667 -2900.00000        1
128  2.403846154 15.2 -0.80769231  -120.00000       -1
129  1.153846154 11.8 -0.96428571   -65.51724       -1
130 -0.096153846  8.4 -0.96428571   -76.00000        0
131 -0.519230769  6.6 -0.72000000  -109.52381        1
132 -1.615384615  4.4 -0.65217391  -120.00000        1
133 -3.807692308  5.4 -0.70588235  -173.33333        1
134 -4.891025641  9.0 -0.26923077  -875.00000        1
135 -5.166666667 12.8  0.33333333  -178.57143        1
136 -5.596153846 16.0  0.27777778  -933.33333        1
137 -6.012820513 18.2  0.05555556   700.00000       -1
138 -5.544871795 22.0  0.81250000   318.18182        1
139 -4.878205128 24.8  0.73684211   260.00000        1
140 -2.942307692 27.0  5.20000000   260.00000       -1
141 -0.839743590 27.0 22.00000000   900.00000       -1
142  0.839743590 26.6 16.00000000   300.00000       -1
143  2.724358974 27.0  3.42857143   166.66667        1
144  4.121794872 24.8  1.75000000   238.09524       -1
145  4.878205128 21.4  0.40000000   628.57143       -1
146  5.480769231 22.6  0.52631579   276.19048        1
147  5.929487179 22.8 -0.10000000   700.00000       -1
148  6.044871795 21.2  0.00000000  1300.00000        1
149  5.756410256 20.0 -0.15789474 -1275.00000       -1
150  4.974358974 21.4 -0.27586207 -2650.00000        1
151  3.679487179 19.0 -0.48484848 -2650.00000       -1
152  2.294871795 18.0 -0.58064516  -268.75000       -1
153  1.378205128 14.6 -0.73913043  -144.44444       -1
154  0.243589744 11.8 -0.88235294  -134.48276       -1
155 -2.211538462  8.0 -0.93548387  -185.71429        0
156 -3.871794872  5.2 -0.86363636  -285.71429        1
157 -4.410256410  4.2 -0.42857143  -134.78261        1
158 -5.397435897  8.0 -0.13793103  1600.00000        1
159 -5.750000000 11.0 -0.05555556  1600.00000       -1
160 -5.679487179 16.2  0.21739130 -4400.00000        1
161 -4.538461538 23.2  1.37500000   270.00000        1
162 -4.192307692 27.0  0.28571429  1225.00000       -1
163 -4.070512821 25.6  0.05882353  2450.00000       -1
164 -2.692307692 28.2  1.30769231   622.22222        1
165 -0.666666667 28.2  3.66666667   509.09091       -1
166  1.929487179 27.6 16.50000000   286.36364        1
167  4.352564103 29.8 18.00000000   206.25000        1
168  6.057692308 32.0  8.66666667   244.44444       -1
169  7.705128205 31.0  2.12500000   286.95652       -1
170  8.262820513 33.4  0.60000000   216.21622        1
171  7.474358974 26.8 -0.88235294 -1250.00000       -1
172  6.839743590 21.8 -0.53571429  -575.00000        1
173  5.935897436 23.0 -0.07894737   505.55556        1
174  5.692307692 23.0 -0.07407407 -2666.66667       -1
175  5.615384615 18.6  0.00000000  -350.00000       -1
176  4.282051282 19.8 -0.73333333  -368.42105       -1
177  2.692307692 17.6 -0.92857143  -437.50000       -1
178  0.410256410 11.2 -0.91428571  -218.51852        1
179 -2.480769231  6.4 -0.97368421  -218.51852       -1
180 -4.641025641  3.6 -0.86206897  -177.41935        1
181 -6.019230769  4.8 -0.44000000  -258.33333        1
182 -8.474358974  7.8 -0.57500000  -541.66667        1
183 -7.076923077 12.8 13.00000000  2533.33333        1
184 -6.076923077 17.6  0.92307692  -406.66667       -1
185 -7.307692308 21.4 -0.34285714   290.47619       -1
186 -7.192307692 23.6  0.00000000   433.33333        1
187 -6.288461538 24.4  0.16666667  -214.28571       -1
188 -2.698717949 25.8 16.50000000   258.82353        1
189 -0.987179487 24.8  5.00000000   440.00000       -1
190  1.711538462 27.4 37.00000000   177.77778        1
191  3.891025641 28.4  5.50000000   273.91304       -1
192  5.083333333 27.4  0.42857143   331.57895       -1
193  5.589743590 24.0  0.05882353   428.57143       -1
194  5.698717949 27.0  0.17857143   342.10526        1
195  6.455128205 25.2  0.16000000   516.66667       -1
196  6.096153846 26.6  0.43478261  1100.00000        1
197  5.455128205 26.8 -0.16000000 -1375.00000       -1
198  5.410256410 24.8 -0.61904762  -366.66667       -1
199  4.512820513 19.2 -0.80000000  -265.00000       -1
200  2.512820513 14.4 -0.85714286  -331.25000        0
201  1.500000000  8.6 -0.77777778  -233.33333       -1
202 -1.455128205  5.0 -0.92105263  -121.87500       -1
203 -3.371794872  4.0 -0.88461538  -260.00000        0
204 -4.641025641  4.6 -0.60000000   -80.00000        1
205 -5.403846154  6.2 -0.27777778  -223.07692        1
206 -6.852564103  8.8 -0.48484848 -1100.00000        1
207 -7.942307692 11.2 -0.48275862 -1100.00000       -1
208 -8.403846154 16.0 -0.18181818  -500.00000        1
209 -8.205128205 18.8  0.04761905  -428.57143       -1
210 -7.358974359 19.0  0.75000000  -136.84211       -1
211 -6.275641026 18.0  1.40000000  -288.88889       -1
212 -5.435897436 17.0  1.00000000  1300.00000       -1
213 -4.089743590 14.8  3.00000000   290.90909        1
214 -2.320512821 13.4  4.00000000   320.00000       -1
215 -1.115384615 14.0  4.66666667   261.53846        1
216  0.262820513 14.2  0.62500000   340.00000       -1
217  1.032051282 16.0  0.46153846   250.00000        1
218  1.326923077 17.0  0.23529412   284.61538        1
219  1.576923077 17.6  0.20000000   640.00000       -1
220  1.717948718 19.2 -0.07407407   437.50000        1
221  1.987179487 21.0  0.00000000   500.00000       -1
222  2.493589744 19.0 -0.35714286  -127.77778       -1
223  2.660256410 16.4 -0.33333333  -164.28571       -1
224  2.448717949 14.2 -0.30000000  -328.57143       -1
225  1.532051282 10.2 -0.68750000  -328.57143       -1
226  0.519230769  6.0 -0.93333333  -255.55556       -1
227 -0.608974359  4.8 -0.82352941  -146.15385        1
228 -1.262820513  4.6 -0.46153846  -287.50000        1
229 -2.147435897  5.8 -0.31578947  -675.00000        1
230 -2.961538462  7.6 -0.33333333  2800.00000        1
231 -2.884615385 12.2  0.33333333   640.00000        1
232 -3.282051282 16.2 -0.08000000  1500.00000       -1
233 -3.596153846 19.0 -0.04545455  1000.00000       -1
234 -2.455128205 20.2  1.11111111  -383.33333       -1
235 -1.333333333 21.6  1.62500000 -2500.00000        1
236 -0.346153846 21.4  2.28571429   192.85714        1
237  0.326923077 19.6  1.80000000   450.00000       -1
238  1.570512821 19.6 20.00000000   242.85714        1
239  2.788461538 19.6  5.33333333   242.85714       -1
240  3.589743590 19.0  1.57142857   200.00000       -1
241  3.967948718 18.0  0.38461538   213.33333        0
242  4.378205128 20.0  0.71428571   200.00000        1
243  4.006410256 19.8 -0.16666667   400.00000       -1
244  3.794871795 20.0 -0.13043478   450.00000        0
245  3.320512821 19.0 -0.38095238  -154.54545       -1
246  2.967948718 16.6 -0.68421053  -100.00000       -1
247  2.243589744 12.6 -0.80952381  -100.00000       -1
248  0.762820513  9.0 -0.91304348  -100.00000       -1
249  0.173076923  6.2 -0.57142857  -126.66667        1
250 -0.993589744  5.0 -0.66666667  -112.50000        1
251 -2.365384615  9.6  0.05555556 -1150.00000        1
252 -3.032051282 12.4 -0.11111111  -766.66667       -1
253 -3.820512821 15.4 -0.12500000   933.33333        1
254 -4.314102564 17.0 -0.25000000  -933.33333       -1
255 -4.589743590 18.0 -0.05000000  -520.00000        1
256 -3.942307692 17.8  0.38461538 -1300.00000       -1
257 -2.525641026 19.2  2.83333333  1033.33333        1
258 -1.108974359 19.2  4.25000000   387.50000       -1
259 -0.006410256 18.6  5.00000000   516.66667       -1
260  0.884615385 17.4  1.16666667   355.55556        1
261  1.634615385 15.8  0.42857143   400.00000       -1
262  1.410256410 13.0 -0.35714286   933.33333       -1
263  1.262820513 11.6 -0.26315789   457.14286        1
264  1.512820513 13.0  0.18750000   600.00000        1
265  1.442307692 14.8  0.04761905   933.33333        1
266  1.916666667 17.4  0.53333333   414.28571        1
267  2.108974359 19.4  0.00000000 -1200.00000       -1
268  1.692307692 18.0 -0.61111111  -300.00000       -1
269  1.038461538 16.4 -0.52173913  -300.00000        1
270 -0.032051282 12.8 -0.80952381  -171.42857       -1
271 -0.621794872  9.0 -0.66666667  -100.00000        0
272 -1.326923077  6.2 -0.61538462  -125.00000        1
273 -1.185897436  8.8  1.00000000   437.50000        1
274 -1.211538462  8.8  0.22222222 -1700.00000       -1
A set consisting of  19  rules:
1. IF macd is [-Inf,-4.38] and rsi is [-Inf,-1.75e+03] THEN  is 1;
		(supportSize=1; laplace=0.5)
2. IF macd is [-Inf,-4.38] and ma5 is (18.8,26.5] and rsi is (900,3.55e+03] THEN  is 1;
		(supportSize=1; laplace=0.5)
3. IF macd is [-Inf,-4.38] and rsi is (3.55e+03, Inf] THEN  is 1;
		(supportSize=2; laplace=0.6)
4. IF macd is (-4.38,0.167] and roc is (8.5,18] THEN  is 1;
		(supportSize=1; laplace=0.5)
5. IF ma5 is [-Inf,11.1] and rsi is [-Inf,-1.75e+03] THEN  is 1;
		(supportSize=1; laplace=0.5)
6. IF roc is (27.5, Inf] THEN  is 1;
		(supportSize=1; laplace=0.5)
7. IF macd is [-Inf,-4.38] and roc is (8.5,18] THEN  is 1;
		(supportSize=1; laplace=0.5)
8. IF ma5 is (18.8,26.5] and roc is (18,27.5] THEN  is 1;
		(supportSize=1; laplace=0.5)
9. IF macd is (4.72, Inf] and ma5 is (26.5, Inf] and rsi is (900,3.55e+03] THEN  is 1;
		(supportSize=1; laplace=0.5)
10. IF macd is (0.167,4.72] and ma5 is [-Inf,11.1] THEN  is -1;
		(supportSize=5; laplace=0.75)
... and 9 other rules.
Confusion Matrix and Statistics

          Reference
Prediction -1  0  1
        -1  3  0  1
        0   0  0  0
        1  25  3 23

Overall Statistics

               Accuracy : 0.4727
                 95% CI : (0.3365, 0.612)
    No Information Rate : 0.5091
    P-Value [Acc > NIR] : 0.7499

                  Kappa : 0.0557
 Mcnemar's Test P-Value : NA'
Statistics by Class:

                     Class: -1 Class: 0 Class: 1
Sensitivity            0.10714  0.00000  0.95833
Specificity            0.96296  1.00000  0.09677
Pos Pred Value         0.75000      NaN  0.45098
Neg Pred Value         0.50980  0.94545  0.75000
Prevalence             0.50909  0.05455  0.43636
Detection Rate         0.05455  0.00000  0.41818
Detection Prevalence   0.07273  0.00000  0.92727
Balanced Accuracy      0.53505  0.50000  0.52755